[0.083s] Invoking command in '/app/ros_ws/src/tello-ros2/build/tello_control': CMAKE_PREFIX_PATH=/opt/ros/foxy /usr/bin/cmake /app/ros_ws/src/tello-ros2/workspace/src/tello_control -DAMENT_CMAKE_SYMLINK_INSTALL=1 -DCMAKE_INSTALL_PREFIX=/app/ros_ws/src/tello-ros2/install/tello_control
[0.637s] -- The C compiler identification is GNU 9.4.0
[1.033s] -- The CXX compiler identification is GNU 9.4.0
[1.154s] -- Check for working C compiler: /usr/bin/cc
[2.015s] -- Check for working C compiler: /usr/bin/cc -- works
[2.025s] -- Detecting C compiler ABI info
[2.875s] -- Detecting C compiler ABI info - done
[2.920s] -- Detecting C compile features
[2.923s] -- Detecting C compile features - done
[3.012s] -- Check for working CXX compiler: /usr/bin/c++
[3.855s] -- Check for working CXX compiler: /usr/bin/c++ -- works
[3.867s] -- Detecting CXX compiler ABI info
[4.963s] -- Detecting CXX compiler ABI info - done
[5.013s] -- Detecting CXX compile features
[5.015s] -- Detecting CXX compile features - done
[5.125s] -- Found OpenCV version 4.2.0
[5.127s] -- Found ament_cmake: 0.9.11 (/opt/ros/foxy/share/ament_cmake/cmake)
[5.157s] -- Found PythonInterp: /usr/bin/python3 (found suitable version "3.8.10", minimum required is "3") 
[5.159s] -- Using PYTHON_EXECUTABLE: /usr/bin/python3
[5.443s] -- Override CMake install command with custom implementation using symlinks instead of copying resources
[5.577s] Invoked command in '/app/ros_ws/src/tello-ros2/build/tello_control' returned '-2': CMAKE_PREFIX_PATH=/opt/ros/foxy /usr/bin/cmake /app/ros_ws/src/tello-ros2/workspace/src/tello_control -DAMENT_CMAKE_SYMLINK_INSTALL=1 -DCMAKE_INSTALL_PREFIX=/app/ros_ws/src/tello-ros2/install/tello_control
[5.584s] Traceback (most recent call last):
  File "/usr/lib/python3/dist-packages/colcon_parallel_executor/executor/parallel.py", line 67, in execute
    loop.run_until_complete(future)
  File "/usr/lib/python3.8/asyncio/base_events.py", line 603, in run_until_complete
    self.run_forever()
  File "/usr/lib/python3.8/asyncio/base_events.py", line 570, in run_forever
    self._run_once()
  File "/usr/lib/python3.8/asyncio/base_events.py", line 1823, in _run_once
    event_list = self._selector.select(timeout)
  File "/usr/lib/python3.8/selectors.py", line 468, in select
    fd_event_list = self._selector.poll(timeout, max_ev)
KeyboardInterrupt

During handling of the above exception, another exception occurred:

Traceback (most recent call last):
  File "/usr/lib/python3/dist-packages/colcon_core/executor/__init__.py", line 91, in __call__
    rc = await self.task(*args, **kwargs)
  File "/usr/lib/python3/dist-packages/colcon_core/task/__init__.py", line 93, in __call__
    return await task_method(*args, **kwargs)
  File "/usr/lib/python3/dist-packages/colcon_ros/task/ament_cmake/build.py", line 59, in build
    rc = await extension.build(
  File "/usr/lib/python3/dist-packages/colcon_cmake/task/cmake/build.py", line 87, in build
    rc = await self._reconfigure(args, env)
  File "/usr/lib/python3/dist-packages/colcon_cmake/task/cmake/build.py", line 182, in _reconfigure
    buildfile = get_buildfile(cmake_cache)
  File "/usr/lib/python3/dist-packages/colcon_cmake/task/cmake/__init__.py", line 112, in get_buildfile
    if 'Ninja' in generator:
TypeError: argument of type 'NoneType' is not iterable
