[0.000000] (-) TimerEvent: {}
[0.000558] (-) JobUnselected: {'identifier': 'orbslam2'}
[0.001013] (tello_control) JobQueued: {'identifier': 'tello_control', 'dependencies': OrderedDict()}
[0.001371] (tello_msg) JobQueued: {'identifier': 'tello_msg', 'dependencies': OrderedDict()}
[0.001703] (tello) JobQueued: {'identifier': 'tello', 'dependencies': OrderedDict([('tello_msg', '/app/ros_ws/src/tello-ros2/install/tello_msg')])}
[0.002007] (tello_msg) JobStarted: {'identifier': 'tello_msg'}
[0.025330] (tello_control) JobStarted: {'identifier': 'tello_control'}
[0.051133] (tello_msg) JobProgress: {'identifier': 'tello_msg', 'progress': 'cmake'}
[0.065856] (tello_msg) Command: {'cmd': ['/usr/bin/cmake', '/app/ros_ws/src/tello-ros2/workspace/src/tello_msg', '-DAMENT_CMAKE_SYMLINK_INSTALL=1', '-DCMAKE_INSTALL_PREFIX=/app/ros_ws/src/tello-ros2/install/tello_msg'], 'cwd': '/app/ros_ws/src/tello-ros2/build/tello_msg', 'env': OrderedDict([('HOSTNAME', 'docker-desktop'), ('SHLVL', '2'), ('LD_LIBRARY_PATH', '/opt/ros/foxy/opt/yaml_cpp_vendor/lib:/opt/ros/foxy/opt/rviz_ogre_vendor/lib:/opt/ros/foxy/lib/x86_64-linux-gnu:/opt/ros/foxy/lib'), ('HOME', '/root'), ('OLDPWD', '/app'), ('ROS_PYTHON_VERSION', '3'), ('_colcon_cd_root', '/root/ros2_install'), ('ROS_DISTRO', 'foxy'), ('_', '/usr/bin/colcon'), ('ROS_VERSION', '2'), ('TERM', 'xterm'), ('ROS_LOCALHOST_ONLY', '0'), ('QT_X11_NO_MITSHM', '1'), ('PATH', '/opt/ros/foxy/bin:/usr/local/sbin:/usr/local/bin:/usr/sbin:/usr/bin:/sbin:/bin'), ('DISPLAY', ''), ('LANG', 'C.UTF-8'), ('LS_COLORS', 'rs=0:di=01;34:ln=01;36:mh=00:pi=40;33:so=01;35:do=01;35:bd=40;33;01:cd=40;33;01:or=40;31;01:mi=00:su=37;41:sg=30;43:ca=30;41:tw=30;42:ow=34;42:st=37;44:ex=01;32:*.tar=01;31:*.tgz=01;31:*.arc=01;31:*.arj=01;31:*.taz=01;31:*.lha=01;31:*.lz4=01;31:*.lzh=01;31:*.lzma=01;31:*.tlz=01;31:*.txz=01;31:*.tzo=01;31:*.t7z=01;31:*.zip=01;31:*.z=01;31:*.dz=01;31:*.gz=01;31:*.lrz=01;31:*.lz=01;31:*.lzo=01;31:*.xz=01;31:*.zst=01;31:*.tzst=01;31:*.bz2=01;31:*.bz=01;31:*.tbz=01;31:*.tbz2=01;31:*.tz=01;31:*.deb=01;31:*.rpm=01;31:*.jar=01;31:*.war=01;31:*.ear=01;31:*.sar=01;31:*.rar=01;31:*.alz=01;31:*.ace=01;31:*.zoo=01;31:*.cpio=01;31:*.7z=01;31:*.rz=01;31:*.cab=01;31:*.wim=01;31:*.swm=01;31:*.dwm=01;31:*.esd=01;31:*.jpg=01;35:*.jpeg=01;35:*.mjpg=01;35:*.mjpeg=01;35:*.gif=01;35:*.bmp=01;35:*.pbm=01;35:*.pgm=01;35:*.ppm=01;35:*.tga=01;35:*.xbm=01;35:*.xpm=01;35:*.tif=01;35:*.tiff=01;35:*.png=01;35:*.svg=01;35:*.svgz=01;35:*.mng=01;35:*.pcx=01;35:*.mov=01;35:*.mpg=01;35:*.mpeg=01;35:*.m2v=01;35:*.mkv=01;35:*.webm=01;35:*.ogm=01;35:*.mp4=01;35:*.m4v=01;35:*.mp4v=01;35:*.vob=01;35:*.qt=01;35:*.nuv=01;35:*.wmv=01;35:*.asf=01;35:*.rm=01;35:*.rmvb=01;35:*.flc=01;35:*.avi=01;35:*.fli=01;35:*.flv=01;35:*.gl=01;35:*.dl=01;35:*.xcf=01;35:*.xwd=01;35:*.yuv=01;35:*.cgm=01;35:*.emf=01;35:*.ogv=01;35:*.ogx=01;35:*.aac=00;36:*.au=00;36:*.flac=00;36:*.m4a=00;36:*.mid=00;36:*.midi=00;36:*.mka=00;36:*.mp3=00;36:*.mpc=00;36:*.ogg=00;36:*.ra=00;36:*.wav=00;36:*.oga=00;36:*.opus=00;36:*.spx=00;36:*.xspf=00;36:'), ('AMENT_PREFIX_PATH', '/opt/ros/foxy'), ('ROS_MASTER_URI', 'http://master:11311'), ('PWD', '/app/ros_ws/src/tello-ros2/build/tello_msg'), ('LC_ALL', 'C.UTF-8'), ('PYTHONPATH', '/opt/ros/foxy/lib/python3.8/site-packages'), ('ROS_HOSTNAME', 'tello'), ('COLCON', '1'), ('CMAKE_PREFIX_PATH', '/opt/ros/foxy')]), 'shell': False}
[0.084154] (tello_control) JobProgress: {'identifier': 'tello_control', 'progress': 'cmake'}
[0.090449] (tello_control) Command: {'cmd': ['/usr/bin/cmake', '/app/ros_ws/src/tello-ros2/workspace/src/tello_control', '-DAMENT_CMAKE_SYMLINK_INSTALL=1', '-DCMAKE_INSTALL_PREFIX=/app/ros_ws/src/tello-ros2/install/tello_control'], 'cwd': '/app/ros_ws/src/tello-ros2/build/tello_control', 'env': OrderedDict([('HOSTNAME', 'docker-desktop'), ('SHLVL', '2'), ('LD_LIBRARY_PATH', '/opt/ros/foxy/opt/yaml_cpp_vendor/lib:/opt/ros/foxy/opt/rviz_ogre_vendor/lib:/opt/ros/foxy/lib/x86_64-linux-gnu:/opt/ros/foxy/lib'), ('HOME', '/root'), ('OLDPWD', '/app'), ('ROS_PYTHON_VERSION', '3'), ('_colcon_cd_root', '/root/ros2_install'), ('ROS_DISTRO', 'foxy'), ('_', '/usr/bin/colcon'), ('ROS_VERSION', '2'), ('TERM', 'xterm'), ('ROS_LOCALHOST_ONLY', '0'), ('QT_X11_NO_MITSHM', '1'), ('PATH', '/opt/ros/foxy/bin:/usr/local/sbin:/usr/local/bin:/usr/sbin:/usr/bin:/sbin:/bin'), ('DISPLAY', ''), ('LANG', 'C.UTF-8'), ('LS_COLORS', 'rs=0:di=01;34:ln=01;36:mh=00:pi=40;33:so=01;35:do=01;35:bd=40;33;01:cd=40;33;01:or=40;31;01:mi=00:su=37;41:sg=30;43:ca=30;41:tw=30;42:ow=34;42:st=37;44:ex=01;32:*.tar=01;31:*.tgz=01;31:*.arc=01;31:*.arj=01;31:*.taz=01;31:*.lha=01;31:*.lz4=01;31:*.lzh=01;31:*.lzma=01;31:*.tlz=01;31:*.txz=01;31:*.tzo=01;31:*.t7z=01;31:*.zip=01;31:*.z=01;31:*.dz=01;31:*.gz=01;31:*.lrz=01;31:*.lz=01;31:*.lzo=01;31:*.xz=01;31:*.zst=01;31:*.tzst=01;31:*.bz2=01;31:*.bz=01;31:*.tbz=01;31:*.tbz2=01;31:*.tz=01;31:*.deb=01;31:*.rpm=01;31:*.jar=01;31:*.war=01;31:*.ear=01;31:*.sar=01;31:*.rar=01;31:*.alz=01;31:*.ace=01;31:*.zoo=01;31:*.cpio=01;31:*.7z=01;31:*.rz=01;31:*.cab=01;31:*.wim=01;31:*.swm=01;31:*.dwm=01;31:*.esd=01;31:*.jpg=01;35:*.jpeg=01;35:*.mjpg=01;35:*.mjpeg=01;35:*.gif=01;35:*.bmp=01;35:*.pbm=01;35:*.pgm=01;35:*.ppm=01;35:*.tga=01;35:*.xbm=01;35:*.xpm=01;35:*.tif=01;35:*.tiff=01;35:*.png=01;35:*.svg=01;35:*.svgz=01;35:*.mng=01;35:*.pcx=01;35:*.mov=01;35:*.mpg=01;35:*.mpeg=01;35:*.m2v=01;35:*.mkv=01;35:*.webm=01;35:*.ogm=01;35:*.mp4=01;35:*.m4v=01;35:*.mp4v=01;35:*.vob=01;35:*.qt=01;35:*.nuv=01;35:*.wmv=01;35:*.asf=01;35:*.rm=01;35:*.rmvb=01;35:*.flc=01;35:*.avi=01;35:*.fli=01;35:*.flv=01;35:*.gl=01;35:*.dl=01;35:*.xcf=01;35:*.xwd=01;35:*.yuv=01;35:*.cgm=01;35:*.emf=01;35:*.ogv=01;35:*.ogx=01;35:*.aac=00;36:*.au=00;36:*.flac=00;36:*.m4a=00;36:*.mid=00;36:*.midi=00;36:*.mka=00;36:*.mp3=00;36:*.mpc=00;36:*.ogg=00;36:*.ra=00;36:*.wav=00;36:*.oga=00;36:*.opus=00;36:*.spx=00;36:*.xspf=00;36:'), ('AMENT_PREFIX_PATH', '/opt/ros/foxy'), ('ROS_MASTER_URI', 'http://master:11311'), ('PWD', '/app/ros_ws/src/tello-ros2/build/tello_control'), ('LC_ALL', 'C.UTF-8'), ('PYTHONPATH', '/opt/ros/foxy/lib/python3.8/site-packages'), ('ROS_HOSTNAME', 'tello'), ('COLCON', '1'), ('CMAKE_PREFIX_PATH', '/opt/ros/foxy')]), 'shell': False}
[0.109891] (-) TimerEvent: {}
[0.211075] (-) TimerEvent: {}
[0.312787] (-) TimerEvent: {}
[0.414080] (-) TimerEvent: {}
[0.515195] (-) TimerEvent: {}
[0.616101] (-) TimerEvent: {}
[0.660781] (tello_control) StdoutLine: {'line': b'-- The C compiler identification is GNU 9.4.0\n'}
[0.666763] (tello_msg) StdoutLine: {'line': b'-- The C compiler identification is GNU 9.4.0\n'}
[0.716274] (-) TimerEvent: {}
[0.817162] (-) TimerEvent: {}
[0.918016] (-) TimerEvent: {}
[1.018917] (-) TimerEvent: {}
[1.056873] (tello_control) StdoutLine: {'line': b'-- The CXX compiler identification is GNU 9.4.0\n'}
[1.059194] (tello_msg) StdoutLine: {'line': b'-- The CXX compiler identification is GNU 9.4.0\n'}
[1.119151] (-) TimerEvent: {}
[1.177804] (tello_control) StdoutLine: {'line': b'-- Check for working C compiler: /usr/bin/cc\n'}
[1.180005] (tello_msg) StdoutLine: {'line': b'-- Check for working C compiler: /usr/bin/cc\n'}
[1.219498] (-) TimerEvent: {}
[1.320525] (-) TimerEvent: {}
[1.421648] (-) TimerEvent: {}
[1.522730] (-) TimerEvent: {}
[1.623998] (-) TimerEvent: {}
[1.725379] (-) TimerEvent: {}
[1.826501] (-) TimerEvent: {}
[1.927700] (-) TimerEvent: {}
[2.028800] (-) TimerEvent: {}
[2.038953] (tello_control) StdoutLine: {'line': b'-- Check for working C compiler: /usr/bin/cc -- works\n'}
[2.041328] (tello_msg) StdoutLine: {'line': b'-- Check for working C compiler: /usr/bin/cc -- works\n'}
[2.049741] (tello_control) StdoutLine: {'line': b'-- Detecting C compiler ABI info\n'}
[2.051820] (tello_msg) StdoutLine: {'line': b'-- Detecting C compiler ABI info\n'}
[2.129085] (-) TimerEvent: {}
[2.230406] (-) TimerEvent: {}
[2.331938] (-) TimerEvent: {}
[2.432844] (-) TimerEvent: {}
[2.533949] (-) TimerEvent: {}
[2.634961] (-) TimerEvent: {}
[2.736209] (-) TimerEvent: {}
[2.837130] (-) TimerEvent: {}
[2.897819] (tello_msg) StdoutLine: {'line': b'-- Detecting C compiler ABI info - done\n'}
[2.899572] (tello_control) StdoutLine: {'line': b'-- Detecting C compiler ABI info - done\n'}
[2.937398] (-) TimerEvent: {}
[2.942051] (tello_msg) StdoutLine: {'line': b'-- Detecting C compile features\n'}
[2.944445] (tello_control) StdoutLine: {'line': b'-- Detecting C compile features\n'}
[2.946253] (tello_msg) StdoutLine: {'line': b'-- Detecting C compile features - done\n'}
[2.947792] (tello_control) StdoutLine: {'line': b'-- Detecting C compile features - done\n'}
[3.036592] (tello_control) StdoutLine: {'line': b'-- Check for working CXX compiler: /usr/bin/c++\n'}
[3.038468] (-) TimerEvent: {}
[3.039162] (tello_msg) StdoutLine: {'line': b'-- Check for working CXX compiler: /usr/bin/c++\n'}
[3.138650] (-) TimerEvent: {}
[3.239487] (-) TimerEvent: {}
[3.340768] (-) TimerEvent: {}
[3.441969] (-) TimerEvent: {}
[3.542882] (-) TimerEvent: {}
[3.643794] (-) TimerEvent: {}
[3.744735] (-) TimerEvent: {}
[3.845641] (-) TimerEvent: {}
[3.879145] (tello_control) StdoutLine: {'line': b'-- Check for working CXX compiler: /usr/bin/c++ -- works\n'}
[3.880788] (tello_msg) StdoutLine: {'line': b'-- Check for working CXX compiler: /usr/bin/c++ -- works\n'}
[3.891046] (tello_control) StdoutLine: {'line': b'-- Detecting CXX compiler ABI info\n'}
[3.893456] (tello_msg) StdoutLine: {'line': b'-- Detecting CXX compiler ABI info\n'}
[3.945830] (-) TimerEvent: {}
[4.046892] (-) TimerEvent: {}
[4.148219] (-) TimerEvent: {}
[4.249465] (-) TimerEvent: {}
[4.350648] (-) TimerEvent: {}
[4.451575] (-) TimerEvent: {}
[4.553199] (-) TimerEvent: {}
[4.654085] (-) TimerEvent: {}
[4.755454] (-) TimerEvent: {}
[4.856544] (-) TimerEvent: {}
[4.957448] (-) TimerEvent: {}
[4.980382] (tello_msg) StdoutLine: {'line': b'-- Detecting CXX compiler ABI info - done\n'}
[4.987230] (tello_control) StdoutLine: {'line': b'-- Detecting CXX compiler ABI info - done\n'}
[5.028639] (tello_msg) StdoutLine: {'line': b'-- Detecting CXX compile features\n'}
[5.030846] (tello_msg) StdoutLine: {'line': b'-- Detecting CXX compile features - done\n'}
[5.037191] (tello_control) StdoutLine: {'line': b'-- Detecting CXX compile features\n'}
[5.039095] (tello_control) StdoutLine: {'line': b'-- Detecting CXX compile features - done\n'}
[5.057674] (-) TimerEvent: {}
[5.134709] (tello_msg) StdoutLine: {'line': b'-- Found ament_cmake: 0.9.11 (/opt/ros/foxy/share/ament_cmake/cmake)\n'}
[5.149671] (tello_control) StdoutLine: {'line': b'-- Found OpenCV version 4.2.0\n'}
[5.151472] (tello_control) StdoutLine: {'line': b'-- Found ament_cmake: 0.9.11 (/opt/ros/foxy/share/ament_cmake/cmake)\n'}
[5.157791] (-) TimerEvent: {}
[5.164765] (tello_msg) StdoutLine: {'line': b'-- Found PythonInterp: /usr/bin/python3 (found suitable version "3.8.10", minimum required is "3") \n'}
[5.167263] (tello_msg) StdoutLine: {'line': b'-- Using PYTHON_EXECUTABLE: /usr/bin/python3\n'}
[5.181034] (tello_control) StdoutLine: {'line': b'-- Found PythonInterp: /usr/bin/python3 (found suitable version "3.8.10", minimum required is "3") \n'}
[5.183964] (tello_control) StdoutLine: {'line': b'-- Using PYTHON_EXECUTABLE: /usr/bin/python3\n'}
[5.257986] (-) TimerEvent: {}
[5.359468] (-) TimerEvent: {}
[5.460548] (-) TimerEvent: {}
[5.466710] (tello_msg) StdoutLine: {'line': b'-- Override CMake install command with custom implementation using symlinks instead of copying resources\n'}
[5.468065] (tello_control) StdoutLine: {'line': b'-- Override CMake install command with custom implementation using symlinks instead of copying resources\n'}
[5.560763] (-) TimerEvent: {}
[5.601493] (tello_control) CommandEnded: {'returncode': -2}
[5.608638] (tello_control) StderrLine: {'line': b'Traceback (most recent call last):\n  File "/usr/lib/python3/dist-packages/colcon_parallel_executor/executor/parallel.py", line 67, in execute\n    loop.run_until_complete(future)\n  File "/usr/lib/python3.8/asyncio/base_events.py", line 603, in run_until_complete\n    self.run_forever()\n  File "/usr/lib/python3.8/asyncio/base_events.py", line 570, in run_forever\n    self._run_once()\n  File "/usr/lib/python3.8/asyncio/base_events.py", line 1823, in _run_once\n    event_list = self._selector.select(timeout)\n  File "/usr/lib/python3.8/selectors.py", line 468, in select\n    fd_event_list = self._selector.poll(timeout, max_ev)\nKeyboardInterrupt\n\nDuring handling of the above exception, another exception occurred:\n\nTraceback (most recent call last):\n  File "/usr/lib/python3/dist-packages/colcon_core/executor/__init__.py", line 91, in __call__\n    rc = await self.task(*args, **kwargs)\n  File "/usr/lib/python3/dist-packages/colcon_core/task/__init__.py", line 93, in __call__\n    return await task_method(*args, **kwargs)\n  File "/usr/lib/python3/dist-packages/colcon_ros/task/ament_cmake/build.py", line 59, in build\n    rc = await extension.build(\n  File "/usr/lib/python3/dist-packages/colcon_cmake/task/cmake/build.py", line 87, in build\n    rc = await self._reconfigure(args, env)\n  File "/usr/lib/python3/dist-packages/colcon_cmake/task/cmake/build.py", line 182, in _reconfigure\n    buildfile = get_buildfile(cmake_cache)\n  File "/usr/lib/python3/dist-packages/colcon_cmake/task/cmake/__init__.py", line 112, in get_buildfile\n    if \'Ninja\' in generator:\nTypeError: argument of type \'NoneType\' is not iterable\n'}
[5.610208] (tello_control) JobEnded: {'identifier': 'tello_control', 'rc': 'SIGINT'}
[5.630852] (tello_msg) JobEnded: {'identifier': 'tello_msg', 'rc': 'SIGINT'}
[5.647828] (tello) JobSkipped: {'identifier': 'tello'}
[5.648259] (-) EventReactorShutdown: {}
